-------------------------------------------------------------------------------
Test set: com.example.fidledemo.TestZSP
-------------------------------------------------------------------------------
Tests run: 30, Failures: 0, Errors: 30, Skipped: 0, Time elapsed: 20.672 s <<< FAILURE! - in com.example.fidledemo.TestZSP
test10  Time elapsed: 0 s  <<< ERROR!
java.lang.IllegalStateException: Failed to load ApplicationContext
Caused by: org.springframework.beans.factory.BeanCreationException: Error creating bean with name 'dataSource' defined in class path resource [org/springframework/boot/autoconfigure/jdbc/DataSourceConfiguration$Hikari.class]: Bean instantiation via factory method failed; nested exception is org.springframework.beans.BeanInstantiationException: Failed to instantiate [com.zaxxer.hikari.HikariDataSource]: Factory method 'dataSource' threw exception; nested exception is org.springframework.boot.autoconfigure.jdbc.DataSourceProperties$DataSourceBeanCreationException: Failed to determine a suitable driver class
Caused by: org.springframework.beans.BeanInstantiationException: Failed to instantiate [com.zaxxer.hikari.HikariDataSource]: Factory method 'dataSource' threw exception; nested exception is org.springframework.boot.autoconfigure.jdbc.DataSourceProperties$DataSourceBeanCreationException: Failed to determine a suitable driver class
Caused by: org.springframework.boot.autoconfigure.jdbc.DataSourceProperties$DataSourceBeanCreationException: Failed to determine a suitable driver class

test11  Time elapsed: 0 s  <<< ERROR!
java.lang.IllegalStateException: Failed to load ApplicationContext
Caused by: org.springframework.beans.factory.BeanCreationException: Error creating bean with name 'dataSource' defined in class path resource [org/springframework/boot/autoconfigure/jdbc/DataSourceConfiguration$Hikari.class]: Bean instantiation via factory method failed; nested exception is org.springframework.beans.BeanInstantiationException: Failed to instantiate [com.zaxxer.hikari.HikariDataSource]: Factory method 'dataSource' threw exception; nested exception is org.springframework.boot.autoconfigure.jdbc.DataSourceProperties$DataSourceBeanCreationException: Failed to determine a suitable driver class
Caused by: org.springframework.beans.BeanInstantiationException: Failed to instantiate [com.zaxxer.hikari.HikariDataSource]: Factory method 'dataSource' threw exception; nested exception is org.springframework.boot.autoconfigure.jdbc.DataSourceProperties$DataSourceBeanCreationException: Failed to determine a suitable driver class
Caused by: org.springframework.boot.autoconfigure.jdbc.DataSourceProperties$DataSourceBeanCreationException: Failed to determine a suitable driver class

test12  Time elapsed: 0 s  <<< ERROR!
java.lang.IllegalStateException: Failed to load ApplicationContext
Caused by: org.springframework.beans.factory.BeanCreationException: Error creating bean with name 'dataSource' defined in class path resource [org/springframework/boot/autoconfigure/jdbc/DataSourceConfiguration$Hikari.class]: Bean instantiation via factory method failed; nested exception is org.springframework.beans.BeanInstantiationException: Failed to instantiate [com.zaxxer.hikari.HikariDataSource]: Factory method 'dataSource' threw exception; nested exception is org.springframework.boot.autoconfigure.jdbc.DataSourceProperties$DataSourceBeanCreationException: Failed to determine a suitable driver class
Caused by: org.springframework.beans.BeanInstantiationException: Failed to instantiate [com.zaxxer.hikari.HikariDataSource]: Factory method 'dataSource' threw exception; nested exception is org.springframework.boot.autoconfigure.jdbc.DataSourceProperties$DataSourceBeanCreationException: Failed to determine a suitable driver class
Caused by: org.springframework.boot.autoconfigure.jdbc.DataSourceProperties$DataSourceBeanCreationException: Failed to determine a suitable driver class

test13  Time elapsed: 0 s  <<< ERROR!
java.lang.IllegalStateException: Failed to load ApplicationContext
Caused by: org.springframework.beans.factory.BeanCreationException: Error creating bean with name 'dataSource' defined in class path resource [org/springframework/boot/autoconfigure/jdbc/DataSourceConfiguration$Hikari.class]: Bean instantiation via factory method failed; nested exception is org.springframework.beans.BeanInstantiationException: Failed to instantiate [com.zaxxer.hikari.HikariDataSource]: Factory method 'dataSource' threw exception; nested exception is org.springframework.boot.autoconfigure.jdbc.DataSourceProperties$DataSourceBeanCreationException: Failed to determine a suitable driver class
Caused by: org.springframework.beans.BeanInstantiationException: Failed to instantiate [com.zaxxer.hikari.HikariDataSource]: Factory method 'dataSource' threw exception; nested exception is org.springframework.boot.autoconfigure.jdbc.DataSourceProperties$DataSourceBeanCreationException: Failed to determine a suitable driver class
Caused by: org.springframework.boot.autoconfigure.jdbc.DataSourceProperties$DataSourceBeanCreationException: Failed to determine a suitable driver class

test14  Time elapsed: 0 s  <<< ERROR!
java.lang.IllegalStateException: Failed to load ApplicationContext
Caused by: org.springframework.beans.factory.BeanCreationException: Error creating bean with name 'dataSource' defined in class path resource [org/springframework/boot/autoconfigure/jdbc/DataSourceConfiguration$Hikari.class]: Bean instantiation via factory method failed; nested exception is org.springframework.beans.BeanInstantiationException: Failed to instantiate [com.zaxxer.hikari.HikariDataSource]: Factory method 'dataSource' threw exception; nested exception is org.springframework.boot.autoconfigure.jdbc.DataSourceProperties$DataSourceBeanCreationException: Failed to determine a suitable driver class
Caused by: org.springframework.beans.BeanInstantiationException: Failed to instantiate [com.zaxxer.hikari.HikariDataSource]: Factory method 'dataSource' threw exception; nested exception is org.springframework.boot.autoconfigure.jdbc.DataSourceProperties$DataSourceBeanCreationException: Failed to determine a suitable driver class
Caused by: org.springframework.boot.autoconfigure.jdbc.DataSourceProperties$DataSourceBeanCreationException: Failed to determine a suitable driver class

test15  Time elapsed: 0 s  <<< ERROR!
java.lang.IllegalStateException: Failed to load ApplicationContext
Caused by: org.springframework.beans.factory.BeanCreationException: Error creating bean with name 'dataSource' defined in class path resource [org/springframework/boot/autoconfigure/jdbc/DataSourceConfiguration$Hikari.class]: Bean instantiation via factory method failed; nested exception is org.springframework.beans.BeanInstantiationException: Failed to instantiate [com.zaxxer.hikari.HikariDataSource]: Factory method 'dataSource' threw exception; nested exception is org.springframework.boot.autoconfigure.jdbc.DataSourceProperties$DataSourceBeanCreationException: Failed to determine a suitable driver class
Caused by: org.springframework.beans.BeanInstantiationException: Failed to instantiate [com.zaxxer.hikari.HikariDataSource]: Factory method 'dataSource' threw exception; nested exception is org.springframework.boot.autoconfigure.jdbc.DataSourceProperties$DataSourceBeanCreationException: Failed to determine a suitable driver class
Caused by: org.springframework.boot.autoconfigure.jdbc.DataSourceProperties$DataSourceBeanCreationException: Failed to determine a suitable driver class

test16  Time elapsed: 0 s  <<< ERROR!
java.lang.IllegalStateException: Failed to load ApplicationContext
Caused by: org.springframework.beans.factory.BeanCreationException: Error creating bean with name 'dataSource' defined in class path resource [org/springframework/boot/autoconfigure/jdbc/DataSourceConfiguration$Hikari.class]: Bean instantiation via factory method failed; nested exception is org.springframework.beans.BeanInstantiationException: Failed to instantiate [com.zaxxer.hikari.HikariDataSource]: Factory method 'dataSource' threw exception; nested exception is org.springframework.boot.autoconfigure.jdbc.DataSourceProperties$DataSourceBeanCreationException: Failed to determine a suitable driver class
Caused by: org.springframework.beans.BeanInstantiationException: Failed to instantiate [com.zaxxer.hikari.HikariDataSource]: Factory method 'dataSource' threw exception; nested exception is org.springframework.boot.autoconfigure.jdbc.DataSourceProperties$DataSourceBeanCreationException: Failed to determine a suitable driver class
Caused by: org.springframework.boot.autoconfigure.jdbc.DataSourceProperties$DataSourceBeanCreationException: Failed to determine a suitable driver class

test17  Time elapsed: 0 s  <<< ERROR!
java.lang.IllegalStateException: Failed to load ApplicationContext
Caused by: org.springframework.beans.factory.BeanCreationException: Error creating bean with name 'dataSource' defined in class path resource [org/springframework/boot/autoconfigure/jdbc/DataSourceConfiguration$Hikari.class]: Bean instantiation via factory method failed; nested exception is org.springframework.beans.BeanInstantiationException: Failed to instantiate [com.zaxxer.hikari.HikariDataSource]: Factory method 'dataSource' threw exception; nested exception is org.springframework.boot.autoconfigure.jdbc.DataSourceProperties$DataSourceBeanCreationException: Failed to determine a suitable driver class
Caused by: org.springframework.beans.BeanInstantiationException: Failed to instantiate [com.zaxxer.hikari.HikariDataSource]: Factory method 'dataSource' threw exception; nested exception is org.springframework.boot.autoconfigure.jdbc.DataSourceProperties$DataSourceBeanCreationException: Failed to determine a suitable driver class
Caused by: org.springframework.boot.autoconfigure.jdbc.DataSourceProperties$DataSourceBeanCreationException: Failed to determine a suitable driver class

test18  Time elapsed: 0 s  <<< ERROR!
java.lang.IllegalStateException: Failed to load ApplicationContext
Caused by: org.springframework.beans.factory.BeanCreationException: Error creating bean with name 'dataSource' defined in class path resource [org/springframework/boot/autoconfigure/jdbc/DataSourceConfiguration$Hikari.class]: Bean instantiation via factory method failed; nested exception is org.springframework.beans.BeanInstantiationException: Failed to instantiate [com.zaxxer.hikari.HikariDataSource]: Factory method 'dataSource' threw exception; nested exception is org.springframework.boot.autoconfigure.jdbc.DataSourceProperties$DataSourceBeanCreationException: Failed to determine a suitable driver class
Caused by: org.springframework.beans.BeanInstantiationException: Failed to instantiate [com.zaxxer.hikari.HikariDataSource]: Factory method 'dataSource' threw exception; nested exception is org.springframework.boot.autoconfigure.jdbc.DataSourceProperties$DataSourceBeanCreationException: Failed to determine a suitable driver class
Caused by: org.springframework.boot.autoconfigure.jdbc.DataSourceProperties$DataSourceBeanCreationException: Failed to determine a suitable driver class

test19  Time elapsed: 0 s  <<< ERROR!
java.lang.IllegalStateException: Failed to load ApplicationContext
Caused by: org.springframework.beans.factory.BeanCreationException: Error creating bean with name 'sqlSessionFactory' defined in class path resource [org/mybatis/spring/boot/autoconfigure/MybatisAutoConfiguration.class]: Bean instantiation via factory method failed; nested exception is org.springframework.beans.BeanInstantiationException: Failed to instantiate [org.apache.ibatis.session.SqlSessionFactory]: Factory method 'sqlSessionFactory' threw exception; nested exception is org.springframework.core.NestedIOException: Failed to parse mapping resource: 'file [F:\GitRepository\TeamProject-Alpha\fidledemo\target\classes\com\example\fidledemo\dao\ActivityReportMessageMapper.xml]'; nested exception is org.apache.ibatis.builder.BuilderException: Error parsing Mapper XML. The XML location is 'file [F:\GitRepository\TeamProject-Alpha\fidledemo\target\classes\com\example\fidledemo\dao\ActivityReportMessageMapper.xml]'. Cause: org.apache.ibatis.builder.BuilderException: Error resolving class. Cause: org.apache.ibatis.type.TypeException: Could not resolve type alias 'reportMessageBO'.  Cause: java.lang.ClassNotFoundException: Cannot find class: reportMessageBO
Caused by: org.springframework.beans.BeanInstantiationException: Failed to instantiate [org.apache.ibatis.session.SqlSessionFactory]: Factory method 'sqlSessionFactory' threw exception; nested exception is org.springframework.core.NestedIOException: Failed to parse mapping resource: 'file [F:\GitRepository\TeamProject-Alpha\fidledemo\target\classes\com\example\fidledemo\dao\ActivityReportMessageMapper.xml]'; nested exception is org.apache.ibatis.builder.BuilderException: Error parsing Mapper XML. The XML location is 'file [F:\GitRepository\TeamProject-Alpha\fidledemo\target\classes\com\example\fidledemo\dao\ActivityReportMessageMapper.xml]'. Cause: org.apache.ibatis.builder.BuilderException: Error resolving class. Cause: org.apache.ibatis.type.TypeException: Could not resolve type alias 'reportMessageBO'.  Cause: java.lang.ClassNotFoundException: Cannot find class: reportMessageBO
Caused by: org.springframework.core.NestedIOException: Failed to parse mapping resource: 'file [F:\GitRepository\TeamProject-Alpha\fidledemo\target\classes\com\example\fidledemo\dao\ActivityReportMessageMapper.xml]'; nested exception is org.apache.ibatis.builder.BuilderException: Error parsing Mapper XML. The XML location is 'file [F:\GitRepository\TeamProject-Alpha\fidledemo\target\classes\com\example\fidledemo\dao\ActivityReportMessageMapper.xml]'. Cause: org.apache.ibatis.builder.BuilderException: Error resolving class. Cause: org.apache.ibatis.type.TypeException: Could not resolve type alias 'reportMessageBO'.  Cause: java.lang.ClassNotFoundException: Cannot find class: reportMessageBO
Caused by: org.apache.ibatis.builder.BuilderException: Error parsing Mapper XML. The XML location is 'file [F:\GitRepository\TeamProject-Alpha\fidledemo\target\classes\com\example\fidledemo\dao\ActivityReportMessageMapper.xml]'. Cause: org.apache.ibatis.builder.BuilderException: Error resolving class. Cause: org.apache.ibatis.type.TypeException: Could not resolve type alias 'reportMessageBO'.  Cause: java.lang.ClassNotFoundException: Cannot find class: reportMessageBO
Caused by: org.apache.ibatis.builder.BuilderException: Error resolving class. Cause: org.apache.ibatis.type.TypeException: Could not resolve type alias 'reportMessageBO'.  Cause: java.lang.ClassNotFoundException: Cannot find class: reportMessageBO
Caused by: org.apache.ibatis.type.TypeException: Could not resolve type alias 'reportMessageBO'.  Cause: java.lang.ClassNotFoundException: Cannot find class: reportMessageBO
Caused by: java.lang.ClassNotFoundException: Cannot find class: reportMessageBO

test20  Time elapsed: 0 s  <<< ERROR!
java.lang.IllegalStateException: Failed to load ApplicationContext
Caused by: org.springframework.beans.factory.BeanCreationException: Error creating bean with name 'sqlSessionFactory' defined in class path resource [org/mybatis/spring/boot/autoconfigure/MybatisAutoConfiguration.class]: Bean instantiation via factory method failed; nested exception is org.springframework.beans.BeanInstantiationException: Failed to instantiate [org.apache.ibatis.session.SqlSessionFactory]: Factory method 'sqlSessionFactory' threw exception; nested exception is org.springframework.core.NestedIOException: Failed to parse mapping resource: 'file [F:\GitRepository\TeamProject-Alpha\fidledemo\target\classes\com\example\fidledemo\dao\ActivityReportMessageMapper.xml]'; nested exception is org.apache.ibatis.builder.BuilderException: Error parsing Mapper XML. The XML location is 'file [F:\GitRepository\TeamProject-Alpha\fidledemo\target\classes\com\example\fidledemo\dao\ActivityReportMessageMapper.xml]'. Cause: org.apache.ibatis.builder.BuilderException: Error resolving class. Cause: org.apache.ibatis.type.TypeException: Could not resolve type alias 'reportMessageBO'.  Cause: java.lang.ClassNotFoundException: Cannot find class: reportMessageBO
Caused by: org.springframework.beans.BeanInstantiationException: Failed to instantiate [org.apache.ibatis.session.SqlSessionFactory]: Factory method 'sqlSessionFactory' threw exception; nested exception is org.springframework.core.NestedIOException: Failed to parse mapping resource: 'file [F:\GitRepository\TeamProject-Alpha\fidledemo\target\classes\com\example\fidledemo\dao\ActivityReportMessageMapper.xml]'; nested exception is org.apache.ibatis.builder.BuilderException: Error parsing Mapper XML. The XML location is 'file [F:\GitRepository\TeamProject-Alpha\fidledemo\target\classes\com\example\fidledemo\dao\ActivityReportMessageMapper.xml]'. Cause: org.apache.ibatis.builder.BuilderException: Error resolving class. Cause: org.apache.ibatis.type.TypeException: Could not resolve type alias 'reportMessageBO'.  Cause: java.lang.ClassNotFoundException: Cannot find class: reportMessageBO
Caused by: org.springframework.core.NestedIOException: Failed to parse mapping resource: 'file [F:\GitRepository\TeamProject-Alpha\fidledemo\target\classes\com\example\fidledemo\dao\ActivityReportMessageMapper.xml]'; nested exception is org.apache.ibatis.builder.BuilderException: Error parsing Mapper XML. The XML location is 'file [F:\GitRepository\TeamProject-Alpha\fidledemo\target\classes\com\example\fidledemo\dao\ActivityReportMessageMapper.xml]'. Cause: org.apache.ibatis.builder.BuilderException: Error resolving class. Cause: org.apache.ibatis.type.TypeException: Could not resolve type alias 'reportMessageBO'.  Cause: java.lang.ClassNotFoundException: Cannot find class: reportMessageBO
Caused by: org.apache.ibatis.builder.BuilderException: Error parsing Mapper XML. The XML location is 'file [F:\GitRepository\TeamProject-Alpha\fidledemo\target\classes\com\example\fidledemo\dao\ActivityReportMessageMapper.xml]'. Cause: org.apache.ibatis.builder.BuilderException: Error resolving class. Cause: org.apache.ibatis.type.TypeException: Could not resolve type alias 'reportMessageBO'.  Cause: java.lang.ClassNotFoundException: Cannot find class: reportMessageBO
Caused by: org.apache.ibatis.builder.BuilderException: Error resolving class. Cause: org.apache.ibatis.type.TypeException: Could not resolve type alias 'reportMessageBO'.  Cause: java.lang.ClassNotFoundException: Cannot find class: reportMessageBO
Caused by: org.apache.ibatis.type.TypeException: Could not resolve type alias 'reportMessageBO'.  Cause: java.lang.ClassNotFoundException: Cannot find class: reportMessageBO
Caused by: java.lang.ClassNotFoundException: Cannot find class: reportMessageBO

test21  Time elapsed: 0 s  <<< ERROR!
java.lang.IllegalStateException: Failed to load ApplicationContext
Caused by: org.springframework.beans.factory.BeanCreationException: Error creating bean with name 'sqlSessionFactory' defined in class path resource [org/mybatis/spring/boot/autoconfigure/MybatisAutoConfiguration.class]: Bean instantiation via factory method failed; nested exception is org.springframework.beans.BeanInstantiationException: Failed to instantiate [org.apache.ibatis.session.SqlSessionFactory]: Factory method 'sqlSessionFactory' threw exception; nested exception is org.springframework.core.NestedIOException: Failed to parse mapping resource: 'file [F:\GitRepository\TeamProject-Alpha\fidledemo\target\classes\com\example\fidledemo\dao\ActivityReportMessageMapper.xml]'; nested exception is org.apache.ibatis.builder.BuilderException: Error parsing Mapper XML. The XML location is 'file [F:\GitRepository\TeamProject-Alpha\fidledemo\target\classes\com\example\fidledemo\dao\ActivityReportMessageMapper.xml]'. Cause: org.apache.ibatis.builder.BuilderException: Error resolving class. Cause: org.apache.ibatis.type.TypeException: Could not resolve type alias 'reportMessageBO'.  Cause: java.lang.ClassNotFoundException: Cannot find class: reportMessageBO
Caused by: org.springframework.beans.BeanInstantiationException: Failed to instantiate [org.apache.ibatis.session.SqlSessionFactory]: Factory method 'sqlSessionFactory' threw exception; nested exception is org.springframework.core.NestedIOException: Failed to parse mapping resource: 'file [F:\GitRepository\TeamProject-Alpha\fidledemo\target\classes\com\example\fidledemo\dao\ActivityReportMessageMapper.xml]'; nested exception is org.apache.ibatis.builder.BuilderException: Error parsing Mapper XML. The XML location is 'file [F:\GitRepository\TeamProject-Alpha\fidledemo\target\classes\com\example\fidledemo\dao\ActivityReportMessageMapper.xml]'. Cause: org.apache.ibatis.builder.BuilderException: Error resolving class. Cause: org.apache.ibatis.type.TypeException: Could not resolve type alias 'reportMessageBO'.  Cause: java.lang.ClassNotFoundException: Cannot find class: reportMessageBO
Caused by: org.springframework.core.NestedIOException: Failed to parse mapping resource: 'file [F:\GitRepository\TeamProject-Alpha\fidledemo\target\classes\com\example\fidledemo\dao\ActivityReportMessageMapper.xml]'; nested exception is org.apache.ibatis.builder.BuilderException: Error parsing Mapper XML. The XML location is 'file [F:\GitRepository\TeamProject-Alpha\fidledemo\target\classes\com\example\fidledemo\dao\ActivityReportMessageMapper.xml]'. Cause: org.apache.ibatis.builder.BuilderException: Error resolving class. Cause: org.apache.ibatis.type.TypeException: Could not resolve type alias 'reportMessageBO'.  Cause: java.lang.ClassNotFoundException: Cannot find class: reportMessageBO
Caused by: org.apache.ibatis.builder.BuilderException: Error parsing Mapper XML. The XML location is 'file [F:\GitRepository\TeamProject-Alpha\fidledemo\target\classes\com\example\fidledemo\dao\ActivityReportMessageMapper.xml]'. Cause: org.apache.ibatis.builder.BuilderException: Error resolving class. Cause: org.apache.ibatis.type.TypeException: Could not resolve type alias 'reportMessageBO'.  Cause: java.lang.ClassNotFoundException: Cannot find class: reportMessageBO
Caused by: org.apache.ibatis.builder.BuilderException: Error resolving class. Cause: org.apache.ibatis.type.TypeException: Could not resolve type alias 'reportMessageBO'.  Cause: java.lang.ClassNotFoundException: Cannot find class: reportMessageBO
Caused by: org.apache.ibatis.type.TypeException: Could not resolve type alias 'reportMessageBO'.  Cause: java.lang.ClassNotFoundException: Cannot find class: reportMessageBO
Caused by: java.lang.ClassNotFoundException: Cannot find class: reportMessageBO

test22  Time elapsed: 0 s  <<< ERROR!
java.lang.IllegalStateException: Failed to load ApplicationContext
Caused by: org.springframework.beans.factory.BeanCreationException: Error creating bean with name 'sqlSessionFactory' defined in class path resource [org/mybatis/spring/boot/autoconfigure/MybatisAutoConfiguration.class]: Bean instantiation via factory method failed; nested exception is org.springframework.beans.BeanInstantiationException: Failed to instantiate [org.apache.ibatis.session.SqlSessionFactory]: Factory method 'sqlSessionFactory' threw exception; nested exception is org.springframework.core.NestedIOException: Failed to parse mapping resource: 'file [F:\GitRepository\TeamProject-Alpha\fidledemo\target\classes\com\example\fidledemo\dao\ActivityReportMessageMapper.xml]'; nested exception is org.apache.ibatis.builder.BuilderException: Error parsing Mapper XML. The XML location is 'file [F:\GitRepository\TeamProject-Alpha\fidledemo\target\classes\com\example\fidledemo\dao\ActivityReportMessageMapper.xml]'. Cause: org.apache.ibatis.builder.BuilderException: Error resolving class. Cause: org.apache.ibatis.type.TypeException: Could not resolve type alias 'reportMessageBO'.  Cause: java.lang.ClassNotFoundException: Cannot find class: reportMessageBO
Caused by: org.springframework.beans.BeanInstantiationException: Failed to instantiate [org.apache.ibatis.session.SqlSessionFactory]: Factory method 'sqlSessionFactory' threw exception; nested exception is org.springframework.core.NestedIOException: Failed to parse mapping resource: 'file [F:\GitRepository\TeamProject-Alpha\fidledemo\target\classes\com\example\fidledemo\dao\ActivityReportMessageMapper.xml]'; nested exception is org.apache.ibatis.builder.BuilderException: Error parsing Mapper XML. The XML location is 'file [F:\GitRepository\TeamProject-Alpha\fidledemo\target\classes\com\example\fidledemo\dao\ActivityReportMessageMapper.xml]'. Cause: org.apache.ibatis.builder.BuilderException: Error resolving class. Cause: org.apache.ibatis.type.TypeException: Could not resolve type alias 'reportMessageBO'.  Cause: java.lang.ClassNotFoundException: Cannot find class: reportMessageBO
Caused by: org.springframework.core.NestedIOException: Failed to parse mapping resource: 'file [F:\GitRepository\TeamProject-Alpha\fidledemo\target\classes\com\example\fidledemo\dao\ActivityReportMessageMapper.xml]'; nested exception is org.apache.ibatis.builder.BuilderException: Error parsing Mapper XML. The XML location is 'file [F:\GitRepository\TeamProject-Alpha\fidledemo\target\classes\com\example\fidledemo\dao\ActivityReportMessageMapper.xml]'. Cause: org.apache.ibatis.builder.BuilderException: Error resolving class. Cause: org.apache.ibatis.type.TypeException: Could not resolve type alias 'reportMessageBO'.  Cause: java.lang.ClassNotFoundException: Cannot find class: reportMessageBO
Caused by: org.apache.ibatis.builder.BuilderException: Error parsing Mapper XML. The XML location is 'file [F:\GitRepository\TeamProject-Alpha\fidledemo\target\classes\com\example\fidledemo\dao\ActivityReportMessageMapper.xml]'. Cause: org.apache.ibatis.builder.BuilderException: Error resolving class. Cause: org.apache.ibatis.type.TypeException: Could not resolve type alias 'reportMessageBO'.  Cause: java.lang.ClassNotFoundException: Cannot find class: reportMessageBO
Caused by: org.apache.ibatis.builder.BuilderException: Error resolving class. Cause: org.apache.ibatis.type.TypeException: Could not resolve type alias 'reportMessageBO'.  Cause: java.lang.ClassNotFoundException: Cannot find class: reportMessageBO
Caused by: org.apache.ibatis.type.TypeException: Could not resolve type alias 'reportMessageBO'.  Cause: java.lang.ClassNotFoundException: Cannot find class: reportMessageBO
Caused by: java.lang.ClassNotFoundException: Cannot find class: reportMessageBO

test23  Time elapsed: 0 s  <<< ERROR!
java.lang.IllegalStateException: Failed to load ApplicationContext
Caused by: org.springframework.beans.factory.BeanCreationException: Error creating bean with name 'sqlSessionFactory' defined in class path resource [org/mybatis/spring/boot/autoconfigure/MybatisAutoConfiguration.class]: Bean instantiation via factory method failed; nested exception is org.springframework.beans.BeanInstantiationException: Failed to instantiate [org.apache.ibatis.session.SqlSessionFactory]: Factory method 'sqlSessionFactory' threw exception; nested exception is org.springframework.core.NestedIOException: Failed to parse mapping resource: 'file [F:\GitRepository\TeamProject-Alpha\fidledemo\target\classes\com\example\fidledemo\dao\ActivityReportMessageMapper.xml]'; nested exception is org.apache.ibatis.builder.BuilderException: Error parsing Mapper XML. The XML location is 'file [F:\GitRepository\TeamProject-Alpha\fidledemo\target\classes\com\example\fidledemo\dao\ActivityReportMessageMapper.xml]'. Cause: org.apache.ibatis.builder.BuilderException: Error resolving class. Cause: org.apache.ibatis.type.TypeException: Could not resolve type alias 'reportMessageBO'.  Cause: java.lang.ClassNotFoundException: Cannot find class: reportMessageBO
Caused by: org.springframework.beans.BeanInstantiationException: Failed to instantiate [org.apache.ibatis.session.SqlSessionFactory]: Factory method 'sqlSessionFactory' threw exception; nested exception is org.springframework.core.NestedIOException: Failed to parse mapping resource: 'file [F:\GitRepository\TeamProject-Alpha\fidledemo\target\classes\com\example\fidledemo\dao\ActivityReportMessageMapper.xml]'; nested exception is org.apache.ibatis.builder.BuilderException: Error parsing Mapper XML. The XML location is 'file [F:\GitRepository\TeamProject-Alpha\fidledemo\target\classes\com\example\fidledemo\dao\ActivityReportMessageMapper.xml]'. Cause: org.apache.ibatis.builder.BuilderException: Error resolving class. Cause: org.apache.ibatis.type.TypeException: Could not resolve type alias 'reportMessageBO'.  Cause: java.lang.ClassNotFoundException: Cannot find class: reportMessageBO
Caused by: org.springframework.core.NestedIOException: Failed to parse mapping resource: 'file [F:\GitRepository\TeamProject-Alpha\fidledemo\target\classes\com\example\fidledemo\dao\ActivityReportMessageMapper.xml]'; nested exception is org.apache.ibatis.builder.BuilderException: Error parsing Mapper XML. The XML location is 'file [F:\GitRepository\TeamProject-Alpha\fidledemo\target\classes\com\example\fidledemo\dao\ActivityReportMessageMapper.xml]'. Cause: org.apache.ibatis.builder.BuilderException: Error resolving class. Cause: org.apache.ibatis.type.TypeException: Could not resolve type alias 'reportMessageBO'.  Cause: java.lang.ClassNotFoundException: Cannot find class: reportMessageBO
Caused by: org.apache.ibatis.builder.BuilderException: Error parsing Mapper XML. The XML location is 'file [F:\GitRepository\TeamProject-Alpha\fidledemo\target\classes\com\example\fidledemo\dao\ActivityReportMessageMapper.xml]'. Cause: org.apache.ibatis.builder.BuilderException: Error resolving class. Cause: org.apache.ibatis.type.TypeException: Could not resolve type alias 'reportMessageBO'.  Cause: java.lang.ClassNotFoundException: Cannot find class: reportMessageBO
Caused by: org.apache.ibatis.builder.BuilderException: Error resolving class. Cause: org.apache.ibatis.type.TypeException: Could not resolve type alias 'reportMessageBO'.  Cause: java.lang.ClassNotFoundException: Cannot find class: reportMessageBO
Caused by: org.apache.ibatis.type.TypeException: Could not resolve type alias 'reportMessageBO'.  Cause: java.lang.ClassNotFoundException: Cannot find class: reportMessageBO
Caused by: java.lang.ClassNotFoundException: Cannot find class: reportMessageBO

test24  Time elapsed: 0 s  <<< ERROR!
java.lang.IllegalStateException: Failed to load ApplicationContext
Caused by: org.springframework.beans.factory.BeanCreationException: Error creating bean with name 'sqlSessionFactory' defined in class path resource [org/mybatis/spring/boot/autoconfigure/MybatisAutoConfiguration.class]: Bean instantiation via factory method failed; nested exception is org.springframework.beans.BeanInstantiationException: Failed to instantiate [org.apache.ibatis.session.SqlSessionFactory]: Factory method 'sqlSessionFactory' threw exception; nested exception is org.springframework.core.NestedIOException: Failed to parse mapping resource: 'file [F:\GitRepository\TeamProject-Alpha\fidledemo\target\classes\com\example\fidledemo\dao\ActivityReportMessageMapper.xml]'; nested exception is org.apache.ibatis.builder.BuilderException: Error parsing Mapper XML. The XML location is 'file [F:\GitRepository\TeamProject-Alpha\fidledemo\target\classes\com\example\fidledemo\dao\ActivityReportMessageMapper.xml]'. Cause: org.apache.ibatis.builder.BuilderException: Error resolving class. Cause: org.apache.ibatis.type.TypeException: Could not resolve type alias 'reportMessageBO'.  Cause: java.lang.ClassNotFoundException: Cannot find class: reportMessageBO
Caused by: org.springframework.beans.BeanInstantiationException: Failed to instantiate [org.apache.ibatis.session.SqlSessionFactory]: Factory method 'sqlSessionFactory' threw exception; nested exception is org.springframework.core.NestedIOException: Failed to parse mapping resource: 'file [F:\GitRepository\TeamProject-Alpha\fidledemo\target\classes\com\example\fidledemo\dao\ActivityReportMessageMapper.xml]'; nested exception is org.apache.ibatis.builder.BuilderException: Error parsing Mapper XML. The XML location is 'file [F:\GitRepository\TeamProject-Alpha\fidledemo\target\classes\com\example\fidledemo\dao\ActivityReportMessageMapper.xml]'. Cause: org.apache.ibatis.builder.BuilderException: Error resolving class. Cause: org.apache.ibatis.type.TypeException: Could not resolve type alias 'reportMessageBO'.  Cause: java.lang.ClassNotFoundException: Cannot find class: reportMessageBO
Caused by: org.springframework.core.NestedIOException: Failed to parse mapping resource: 'file [F:\GitRepository\TeamProject-Alpha\fidledemo\target\classes\com\example\fidledemo\dao\ActivityReportMessageMapper.xml]'; nested exception is org.apache.ibatis.builder.BuilderException: Error parsing Mapper XML. The XML location is 'file [F:\GitRepository\TeamProject-Alpha\fidledemo\target\classes\com\example\fidledemo\dao\ActivityReportMessageMapper.xml]'. Cause: org.apache.ibatis.builder.BuilderException: Error resolving class. Cause: org.apache.ibatis.type.TypeException: Could not resolve type alias 'reportMessageBO'.  Cause: java.lang.ClassNotFoundException: Cannot find class: reportMessageBO
Caused by: org.apache.ibatis.builder.BuilderException: Error parsing Mapper XML. The XML location is 'file [F:\GitRepository\TeamProject-Alpha\fidledemo\target\classes\com\example\fidledemo\dao\ActivityReportMessageMapper.xml]'. Cause: org.apache.ibatis.builder.BuilderException: Error resolving class. Cause: org.apache.ibatis.type.TypeException: Could not resolve type alias 'reportMessageBO'.  Cause: java.lang.ClassNotFoundException: Cannot find class: reportMessageBO
Caused by: org.apache.ibatis.builder.BuilderException: Error resolving class. Cause: org.apache.ibatis.type.TypeException: Could not resolve type alias 'reportMessageBO'.  Cause: java.lang.ClassNotFoundException: Cannot find class: reportMessageBO
Caused by: org.apache.ibatis.type.TypeException: Could not resolve type alias 'reportMessageBO'.  Cause: java.lang.ClassNotFoundException: Cannot find class: reportMessageBO
Caused by: java.lang.ClassNotFoundException: Cannot find class: reportMessageBO

test25  Time elapsed: 0 s  <<< ERROR!
java.lang.IllegalStateException: Failed to load ApplicationContext
Caused by: org.springframework.beans.factory.BeanCreationException: Error creating bean with name 'sqlSessionFactory' defined in class path resource [org/mybatis/spring/boot/autoconfigure/MybatisAutoConfiguration.class]: Bean instantiation via factory method failed; nested exception is org.springframework.beans.BeanInstantiationException: Failed to instantiate [org.apache.ibatis.session.SqlSessionFactory]: Factory method 'sqlSessionFactory' threw exception; nested exception is org.springframework.core.NestedIOException: Failed to parse mapping resource: 'file [F:\GitRepository\TeamProject-Alpha\fidledemo\target\classes\com\example\fidledemo\dao\ActivityReportMessageMapper.xml]'; nested exception is org.apache.ibatis.builder.BuilderException: Error parsing Mapper XML. The XML location is 'file [F:\GitRepository\TeamProject-Alpha\fidledemo\target\classes\com\example\fidledemo\dao\ActivityReportMessageMapper.xml]'. Cause: org.apache.ibatis.builder.BuilderException: Error resolving class. Cause: org.apache.ibatis.type.TypeException: Could not resolve type alias 'reportMessageBO'.  Cause: java.lang.ClassNotFoundException: Cannot find class: reportMessageBO
Caused by: org.springframework.beans.BeanInstantiationException: Failed to instantiate [org.apache.ibatis.session.SqlSessionFactory]: Factory method 'sqlSessionFactory' threw exception; nested exception is org.springframework.core.NestedIOException: Failed to parse mapping resource: 'file [F:\GitRepository\TeamProject-Alpha\fidledemo\target\classes\com\example\fidledemo\dao\ActivityReportMessageMapper.xml]'; nested exception is org.apache.ibatis.builder.BuilderException: Error parsing Mapper XML. The XML location is 'file [F:\GitRepository\TeamProject-Alpha\fidledemo\target\classes\com\example\fidledemo\dao\ActivityReportMessageMapper.xml]'. Cause: org.apache.ibatis.builder.BuilderException: Error resolving class. Cause: org.apache.ibatis.type.TypeException: Could not resolve type alias 'reportMessageBO'.  Cause: java.lang.ClassNotFoundException: Cannot find class: reportMessageBO
Caused by: org.springframework.core.NestedIOException: Failed to parse mapping resource: 'file [F:\GitRepository\TeamProject-Alpha\fidledemo\target\classes\com\example\fidledemo\dao\ActivityReportMessageMapper.xml]'; nested exception is org.apache.ibatis.builder.BuilderException: Error parsing Mapper XML. The XML location is 'file [F:\GitRepository\TeamProject-Alpha\fidledemo\target\classes\com\example\fidledemo\dao\ActivityReportMessageMapper.xml]'. Cause: org.apache.ibatis.builder.BuilderException: Error resolving class. Cause: org.apache.ibatis.type.TypeException: Could not resolve type alias 'reportMessageBO'.  Cause: java.lang.ClassNotFoundException: Cannot find class: reportMessageBO
Caused by: org.apache.ibatis.builder.BuilderException: Error parsing Mapper XML. The XML location is 'file [F:\GitRepository\TeamProject-Alpha\fidledemo\target\classes\com\example\fidledemo\dao\ActivityReportMessageMapper.xml]'. Cause: org.apache.ibatis.builder.BuilderException: Error resolving class. Cause: org.apache.ibatis.type.TypeException: Could not resolve type alias 'reportMessageBO'.  Cause: java.lang.ClassNotFoundException: Cannot find class: reportMessageBO
Caused by: org.apache.ibatis.builder.BuilderException: Error resolving class. Cause: org.apache.ibatis.type.TypeException: Could not resolve type alias 'reportMessageBO'.  Cause: java.lang.ClassNotFoundException: Cannot find class: reportMessageBO
Caused by: org.apache.ibatis.type.TypeException: Could not resolve type alias 'reportMessageBO'.  Cause: java.lang.ClassNotFoundException: Cannot find class: reportMessageBO
Caused by: java.lang.ClassNotFoundException: Cannot find class: reportMessageBO

test26  Time elapsed: 0.001 s  <<< ERROR!
java.lang.IllegalStateException: Failed to load ApplicationContext
Caused by: org.springframework.beans.factory.BeanCreationException: Error creating bean with name 'sqlSessionFactory' defined in class path resource [org/mybatis/spring/boot/autoconfigure/MybatisAutoConfiguration.class]: Bean instantiation via factory method failed; nested exception is org.springframework.beans.BeanInstantiationException: Failed to instantiate [org.apache.ibatis.session.SqlSessionFactory]: Factory method 'sqlSessionFactory' threw exception; nested exception is org.springframework.core.NestedIOException: Failed to parse mapping resource: 'file [F:\GitRepository\TeamProject-Alpha\fidledemo\target\classes\com\example\fidledemo\dao\ActivityReportMessageMapper.xml]'; nested exception is org.apache.ibatis.builder.BuilderException: Error parsing Mapper XML. The XML location is 'file [F:\GitRepository\TeamProject-Alpha\fidledemo\target\classes\com\example\fidledemo\dao\ActivityReportMessageMapper.xml]'. Cause: org.apache.ibatis.builder.BuilderException: Error resolving class. Cause: org.apache.ibatis.type.TypeException: Could not resolve type alias 'reportMessageBO'.  Cause: java.lang.ClassNotFoundException: Cannot find class: reportMessageBO
Caused by: org.springframework.beans.BeanInstantiationException: Failed to instantiate [org.apache.ibatis.session.SqlSessionFactory]: Factory method 'sqlSessionFactory' threw exception; nested exception is org.springframework.core.NestedIOException: Failed to parse mapping resource: 'file [F:\GitRepository\TeamProject-Alpha\fidledemo\target\classes\com\example\fidledemo\dao\ActivityReportMessageMapper.xml]'; nested exception is org.apache.ibatis.builder.BuilderException: Error parsing Mapper XML. The XML location is 'file [F:\GitRepository\TeamProject-Alpha\fidledemo\target\classes\com\example\fidledemo\dao\ActivityReportMessageMapper.xml]'. Cause: org.apache.ibatis.builder.BuilderException: Error resolving class. Cause: org.apache.ibatis.type.TypeException: Could not resolve type alias 'reportMessageBO'.  Cause: java.lang.ClassNotFoundException: Cannot find class: reportMessageBO
Caused by: org.springframework.core.NestedIOException: Failed to parse mapping resource: 'file [F:\GitRepository\TeamProject-Alpha\fidledemo\target\classes\com\example\fidledemo\dao\ActivityReportMessageMapper.xml]'; nested exception is org.apache.ibatis.builder.BuilderException: Error parsing Mapper XML. The XML location is 'file [F:\GitRepository\TeamProject-Alpha\fidledemo\target\classes\com\example\fidledemo\dao\ActivityReportMessageMapper.xml]'. Cause: org.apache.ibatis.builder.BuilderException: Error resolving class. Cause: org.apache.ibatis.type.TypeException: Could not resolve type alias 'reportMessageBO'.  Cause: java.lang.ClassNotFoundException: Cannot find class: reportMessageBO
Caused by: org.apache.ibatis.builder.BuilderException: Error parsing Mapper XML. The XML location is 'file [F:\GitRepository\TeamProject-Alpha\fidledemo\target\classes\com\example\fidledemo\dao\ActivityReportMessageMapper.xml]'. Cause: org.apache.ibatis.builder.BuilderException: Error resolving class. Cause: org.apache.ibatis.type.TypeException: Could not resolve type alias 'reportMessageBO'.  Cause: java.lang.ClassNotFoundException: Cannot find class: reportMessageBO
Caused by: org.apache.ibatis.builder.BuilderException: Error resolving class. Cause: org.apache.ibatis.type.TypeException: Could not resolve type alias 'reportMessageBO'.  Cause: java.lang.ClassNotFoundException: Cannot find class: reportMessageBO
Caused by: org.apache.ibatis.type.TypeException: Could not resolve type alias 'reportMessageBO'.  Cause: java.lang.ClassNotFoundException: Cannot find class: reportMessageBO
Caused by: java.lang.ClassNotFoundException: Cannot find class: reportMessageBO

test27  Time elapsed: 0 s  <<< ERROR!
java.lang.IllegalStateException: Failed to load ApplicationContext
Caused by: org.springframework.beans.factory.BeanCreationException: Error creating bean with name 'sqlSessionFactory' defined in class path resource [org/mybatis/spring/boot/autoconfigure/MybatisAutoConfiguration.class]: Bean instantiation via factory method failed; nested exception is org.springframework.beans.BeanInstantiationException: Failed to instantiate [org.apache.ibatis.session.SqlSessionFactory]: Factory method 'sqlSessionFactory' threw exception; nested exception is org.springframework.core.NestedIOException: Failed to parse mapping resource: 'file [F:\GitRepository\TeamProject-Alpha\fidledemo\target\classes\com\example\fidledemo\dao\ActivityReportMessageMapper.xml]'; nested exception is org.apache.ibatis.builder.BuilderException: Error parsing Mapper XML. The XML location is 'file [F:\GitRepository\TeamProject-Alpha\fidledemo\target\classes\com\example\fidledemo\dao\ActivityReportMessageMapper.xml]'. Cause: org.apache.ibatis.builder.BuilderException: Error resolving class. Cause: org.apache.ibatis.type.TypeException: Could not resolve type alias 'reportMessageBO'.  Cause: java.lang.ClassNotFoundException: Cannot find class: reportMessageBO
Caused by: org.springframework.beans.BeanInstantiationException: Failed to instantiate [org.apache.ibatis.session.SqlSessionFactory]: Factory method 'sqlSessionFactory' threw exception; nested exception is org.springframework.core.NestedIOException: Failed to parse mapping resource: 'file [F:\GitRepository\TeamProject-Alpha\fidledemo\target\classes\com\example\fidledemo\dao\ActivityReportMessageMapper.xml]'; nested exception is org.apache.ibatis.builder.BuilderException: Error parsing Mapper XML. The XML location is 'file [F:\GitRepository\TeamProject-Alpha\fidledemo\target\classes\com\example\fidledemo\dao\ActivityReportMessageMapper.xml]'. Cause: org.apache.ibatis.builder.BuilderException: Error resolving class. Cause: org.apache.ibatis.type.TypeException: Could not resolve type alias 'reportMessageBO'.  Cause: java.lang.ClassNotFoundException: Cannot find class: reportMessageBO
Caused by: org.springframework.core.NestedIOException: Failed to parse mapping resource: 'file [F:\GitRepository\TeamProject-Alpha\fidledemo\target\classes\com\example\fidledemo\dao\ActivityReportMessageMapper.xml]'; nested exception is org.apache.ibatis.builder.BuilderException: Error parsing Mapper XML. The XML location is 'file [F:\GitRepository\TeamProject-Alpha\fidledemo\target\classes\com\example\fidledemo\dao\ActivityReportMessageMapper.xml]'. Cause: org.apache.ibatis.builder.BuilderException: Error resolving class. Cause: org.apache.ibatis.type.TypeException: Could not resolve type alias 'reportMessageBO'.  Cause: java.lang.ClassNotFoundException: Cannot find class: reportMessageBO
Caused by: org.apache.ibatis.builder.BuilderException: Error parsing Mapper XML. The XML location is 'file [F:\GitRepository\TeamProject-Alpha\fidledemo\target\classes\com\example\fidledemo\dao\ActivityReportMessageMapper.xml]'. Cause: org.apache.ibatis.builder.BuilderException: Error resolving class. Cause: org.apache.ibatis.type.TypeException: Could not resolve type alias 'reportMessageBO'.  Cause: java.lang.ClassNotFoundException: Cannot find class: reportMessageBO
Caused by: org.apache.ibatis.builder.BuilderException: Error resolving class. Cause: org.apache.ibatis.type.TypeException: Could not resolve type alias 'reportMessageBO'.  Cause: java.lang.ClassNotFoundException: Cannot find class: reportMessageBO
Caused by: org.apache.ibatis.type.TypeException: Could not resolve type alias 'reportMessageBO'.  Cause: java.lang.ClassNotFoundException: Cannot find class: reportMessageBO
Caused by: java.lang.ClassNotFoundException: Cannot find class: reportMessageBO

test28  Time elapsed: 0 s  <<< ERROR!
java.lang.IllegalStateException: Failed to load ApplicationContext
Caused by: org.springframework.beans.factory.BeanDefinitionStoreException: Failed to read candidate component class: file [F:\GitRepository\TeamProject-Alpha\fidledemo\target\classes\com\example\fidledemo\dao\TagOfTaskDAO.class]; nested exception is java.lang.ArrayIndexOutOfBoundsException: 6
Caused by: java.lang.ArrayIndexOutOfBoundsException: 6

test29  Time elapsed: 0 s  <<< ERROR!
java.lang.IllegalStateException: Failed to load ApplicationContext
Caused by: org.springframework.beans.factory.BeanCreationException: Error creating bean with name 'sqlSessionFactory' defined in class path resource [org/mybatis/spring/boot/autoconfigure/MybatisAutoConfiguration.class]: Bean instantiation via factory method failed; nested exception is org.springframework.beans.BeanInstantiationException: Failed to instantiate [org.apache.ibatis.session.SqlSessionFactory]: Factory method 'sqlSessionFactory' threw exception; nested exception is org.springframework.core.NestedIOException: Failed to parse mapping resource: 'file [F:\GitRepository\TeamProject-Alpha\fidledemo\target\classes\com\example\fidledemo\dao\ActivityReportMessageMapper.xml]'; nested exception is org.apache.ibatis.builder.BuilderException: Error parsing Mapper XML. The XML location is 'file [F:\GitRepository\TeamProject-Alpha\fidledemo\target\classes\com\example\fidledemo\dao\ActivityReportMessageMapper.xml]'. Cause: org.apache.ibatis.builder.BuilderException: Error resolving class. Cause: org.apache.ibatis.type.TypeException: Could not resolve type alias 'reportMessageBO'.  Cause: java.lang.ClassNotFoundException: Cannot find class: reportMessageBO
Caused by: org.springframework.beans.BeanInstantiationException: Failed to instantiate [org.apache.ibatis.session.SqlSessionFactory]: Factory method 'sqlSessionFactory' threw exception; nested exception is org.springframework.core.NestedIOException: Failed to parse mapping resource: 'file [F:\GitRepository\TeamProject-Alpha\fidledemo\target\classes\com\example\fidledemo\dao\ActivityReportMessageMapper.xml]'; nested exception is org.apache.ibatis.builder.BuilderException: Error parsing Mapper XML. The XML location is 'file [F:\GitRepository\TeamProject-Alpha\fidledemo\target\classes\com\example\fidledemo\dao\ActivityReportMessageMapper.xml]'. Cause: org.apache.ibatis.builder.BuilderException: Error resolving class. Cause: org.apache.ibatis.type.TypeException: Could not resolve type alias 'reportMessageBO'.  Cause: java.lang.ClassNotFoundException: Cannot find class: reportMessageBO
Caused by: org.springframework.core.NestedIOException: Failed to parse mapping resource: 'file [F:\GitRepository\TeamProject-Alpha\fidledemo\target\classes\com\example\fidledemo\dao\ActivityReportMessageMapper.xml]'; nested exception is org.apache.ibatis.builder.BuilderException: Error parsing Mapper XML. The XML location is 'file [F:\GitRepository\TeamProject-Alpha\fidledemo\target\classes\com\example\fidledemo\dao\ActivityReportMessageMapper.xml]'. Cause: org.apache.ibatis.builder.BuilderException: Error resolving class. Cause: org.apache.ibatis.type.TypeException: Could not resolve type alias 'reportMessageBO'.  Cause: java.lang.ClassNotFoundException: Cannot find class: reportMessageBO
Caused by: org.apache.ibatis.builder.BuilderException: Error parsing Mapper XML. The XML location is 'file [F:\GitRepository\TeamProject-Alpha\fidledemo\target\classes\com\example\fidledemo\dao\ActivityReportMessageMapper.xml]'. Cause: org.apache.ibatis.builder.BuilderException: Error resolving class. Cause: org.apache.ibatis.type.TypeException: Could not resolve type alias 'reportMessageBO'.  Cause: java.lang.ClassNotFoundException: Cannot find class: reportMessageBO
Caused by: org.apache.ibatis.builder.BuilderException: Error resolving class. Cause: org.apache.ibatis.type.TypeException: Could not resolve type alias 'reportMessageBO'.  Cause: java.lang.ClassNotFoundException: Cannot find class: reportMessageBO
Caused by: org.apache.ibatis.type.TypeException: Could not resolve type alias 'reportMessageBO'.  Cause: java.lang.ClassNotFoundException: Cannot find class: reportMessageBO
Caused by: java.lang.ClassNotFoundException: Cannot find class: reportMessageBO

test30  Time elapsed: 0 s  <<< ERROR!
org.springframework.beans.factory.UnsatisfiedDependencyException: Error creating bean with name 'com.example.fidledemo.TestZSP': Unsatisfied dependency expressed through field 'activityReportMessageDAO'; nested exception is org.springframework.beans.factory.NoSuchBeanDefinitionException: No qualifying bean of type 'com.example.fidledemo.dao.ActivityReportMessageDAO' available: expected at least 1 bean which qualifies as autowire candidate. Dependency annotations: {@org.springframework.beans.factory.annotation.Autowired(required=true)}
Caused by: org.springframework.beans.factory.NoSuchBeanDefinitionException: No qualifying bean of type 'com.example.fidledemo.dao.ActivityReportMessageDAO' available: expected at least 1 bean which qualifies as autowire candidate. Dependency annotations: {@org.springframework.beans.factory.annotation.Autowired(required=true)}

test1  Time elapsed: 0 s  <<< ERROR!
org.springframework.beans.factory.UnsatisfiedDependencyException: Error creating bean with name 'com.example.fidledemo.TestZSP': Unsatisfied dependency expressed through field 'activityReportMessageDAO'; nested exception is org.springframework.beans.factory.NoSuchBeanDefinitionException: No qualifying bean of type 'com.example.fidledemo.dao.ActivityReportMessageDAO' available: expected at least 1 bean which qualifies as autowire candidate. Dependency annotations: {@org.springframework.beans.factory.annotation.Autowired(required=true)}
Caused by: org.springframework.beans.factory.NoSuchBeanDefinitionException: No qualifying bean of type 'com.example.fidledemo.dao.ActivityReportMessageDAO' available: expected at least 1 bean which qualifies as autowire candidate. Dependency annotations: {@org.springframework.beans.factory.annotation.Autowired(required=true)}

test2  Time elapsed: 0 s  <<< ERROR!
org.springframework.beans.factory.UnsatisfiedDependencyException: Error creating bean with name 'com.example.fidledemo.TestZSP': Unsatisfied dependency expressed through field 'activityReportMessageDAO'; nested exception is org.springframework.beans.factory.NoSuchBeanDefinitionException: No qualifying bean of type 'com.example.fidledemo.dao.ActivityReportMessageDAO' available: expected at least 1 bean which qualifies as autowire candidate. Dependency annotations: {@org.springframework.beans.factory.annotation.Autowired(required=true)}
Caused by: org.springframework.beans.factory.NoSuchBeanDefinitionException: No qualifying bean of type 'com.example.fidledemo.dao.ActivityReportMessageDAO' available: expected at least 1 bean which qualifies as autowire candidate. Dependency annotations: {@org.springframework.beans.factory.annotation.Autowired(required=true)}

test3  Time elapsed: 0 s  <<< ERROR!
org.springframework.beans.factory.UnsatisfiedDependencyException: Error creating bean with name 'com.example.fidledemo.TestZSP': Unsatisfied dependency expressed through field 'activityReportMessageDAO'; nested exception is org.springframework.beans.factory.NoSuchBeanDefinitionException: No qualifying bean of type 'com.example.fidledemo.dao.ActivityReportMessageDAO' available: expected at least 1 bean which qualifies as autowire candidate. Dependency annotations: {@org.springframework.beans.factory.annotation.Autowired(required=true)}
Caused by: org.springframework.beans.factory.NoSuchBeanDefinitionException: No qualifying bean of type 'com.example.fidledemo.dao.ActivityReportMessageDAO' available: expected at least 1 bean which qualifies as autowire candidate. Dependency annotations: {@org.springframework.beans.factory.annotation.Autowired(required=true)}

test4  Time elapsed: 0 s  <<< ERROR!
org.springframework.beans.factory.UnsatisfiedDependencyException: Error creating bean with name 'com.example.fidledemo.TestZSP': Unsatisfied dependency expressed through field 'activityReportMessageDAO'; nested exception is org.springframework.beans.factory.NoSuchBeanDefinitionException: No qualifying bean of type 'com.example.fidledemo.dao.ActivityReportMessageDAO' available: expected at least 1 bean which qualifies as autowire candidate. Dependency annotations: {@org.springframework.beans.factory.annotation.Autowired(required=true)}
Caused by: org.springframework.beans.factory.NoSuchBeanDefinitionException: No qualifying bean of type 'com.example.fidledemo.dao.ActivityReportMessageDAO' available: expected at least 1 bean which qualifies as autowire candidate. Dependency annotations: {@org.springframework.beans.factory.annotation.Autowired(required=true)}

test5  Time elapsed: 0 s  <<< ERROR!
org.springframework.beans.factory.UnsatisfiedDependencyException: Error creating bean with name 'com.example.fidledemo.TestZSP': Unsatisfied dependency expressed through field 'activityReportMessageDAO'; nested exception is org.springframework.beans.factory.NoSuchBeanDefinitionException: No qualifying bean of type 'com.example.fidledemo.dao.ActivityReportMessageDAO' available: expected at least 1 bean which qualifies as autowire candidate. Dependency annotations: {@org.springframework.beans.factory.annotation.Autowired(required=true)}
Caused by: org.springframework.beans.factory.NoSuchBeanDefinitionException: No qualifying bean of type 'com.example.fidledemo.dao.ActivityReportMessageDAO' available: expected at least 1 bean which qualifies as autowire candidate. Dependency annotations: {@org.springframework.beans.factory.annotation.Autowired(required=true)}

test6  Time elapsed: 0 s  <<< ERROR!
org.springframework.beans.factory.UnsatisfiedDependencyException: Error creating bean with name 'com.example.fidledemo.TestZSP': Unsatisfied dependency expressed through field 'activityReportMessageDAO'; nested exception is org.springframework.beans.factory.NoSuchBeanDefinitionException: No qualifying bean of type 'com.example.fidledemo.dao.ActivityReportMessageDAO' available: expected at least 1 bean which qualifies as autowire candidate. Dependency annotations: {@org.springframework.beans.factory.annotation.Autowired(required=true)}
Caused by: org.springframework.beans.factory.NoSuchBeanDefinitionException: No qualifying bean of type 'com.example.fidledemo.dao.ActivityReportMessageDAO' available: expected at least 1 bean which qualifies as autowire candidate. Dependency annotations: {@org.springframework.beans.factory.annotation.Autowired(required=true)}

test7  Time elapsed: 0 s  <<< ERROR!
org.springframework.beans.factory.UnsatisfiedDependencyException: Error creating bean with name 'com.example.fidledemo.TestZSP': Unsatisfied dependency expressed through field 'activityReportMessageDAO'; nested exception is org.springframework.beans.factory.NoSuchBeanDefinitionException: No qualifying bean of type 'com.example.fidledemo.dao.ActivityReportMessageDAO' available: expected at least 1 bean which qualifies as autowire candidate. Dependency annotations: {@org.springframework.beans.factory.annotation.Autowired(required=true)}
Caused by: org.springframework.beans.factory.NoSuchBeanDefinitionException: No qualifying bean of type 'com.example.fidledemo.dao.ActivityReportMessageDAO' available: expected at least 1 bean which qualifies as autowire candidate. Dependency annotations: {@org.springframework.beans.factory.annotation.Autowired(required=true)}

test8  Time elapsed: 0 s  <<< ERROR!
org.springframework.beans.factory.UnsatisfiedDependencyException: Error creating bean with name 'com.example.fidledemo.TestZSP': Unsatisfied dependency expressed through field 'activityReportMessageDAO'; nested exception is org.springframework.beans.factory.NoSuchBeanDefinitionException: No qualifying bean of type 'com.example.fidledemo.dao.ActivityReportMessageDAO' available: expected at least 1 bean which qualifies as autowire candidate. Dependency annotations: {@org.springframework.beans.factory.annotation.Autowired(required=true)}
Caused by: org.springframework.beans.factory.NoSuchBeanDefinitionException: No qualifying bean of type 'com.example.fidledemo.dao.ActivityReportMessageDAO' available: expected at least 1 bean which qualifies as autowire candidate. Dependency annotations: {@org.springframework.beans.factory.annotation.Autowired(required=true)}

test9  Time elapsed: 0 s  <<< ERROR!
org.springframework.beans.factory.UnsatisfiedDependencyException: Error creating bean with name 'com.example.fidledemo.TestZSP': Unsatisfied dependency expressed through field 'activityReportMessageDAO'; nested exception is org.springframework.beans.factory.NoSuchBeanDefinitionException: No qualifying bean of type 'com.example.fidledemo.dao.ActivityReportMessageDAO' available: expected at least 1 bean which qualifies as autowire candidate. Dependency annotations: {@org.springframework.beans.factory.annotation.Autowired(required=true)}
Caused by: org.springframework.beans.factory.NoSuchBeanDefinitionException: No qualifying bean of type 'com.example.fidledemo.dao.ActivityReportMessageDAO' available: expected at least 1 bean which qualifies as autowire candidate. Dependency annotations: {@org.springframework.beans.factory.annotation.Autowired(required=true)}

